<?xml version="1.0" encoding="UTF-8"?>
<!-- Generated by org.testng.reporters.JUnitReportReporter -->
<testsuite hostname="lenovo" name="com.ga.helpers.math.PrimeStaticTest" tests="3" failures="0" timestamp="17 Apr 2016 22:51:24 GMT" time="0.094" errors="0">
  <testcase name="testevalPrimes" time="0.074" classname="com.ga.helpers.math.PrimeStaticTest"/>
  <testcase name="testevalPrimes" time="0.010" classname="com.ga.helpers.math.PrimeStaticTest"/>
  <testcase name="testevalPrimes" time="0.010" classname="com.ga.helpers.math.PrimeStaticTest"/>
</testsuite> <!-- com.ga.helpers.math.PrimeStaticTest -->
