<?xml version="1.0" encoding="UTF-8"?>
<!-- Generated by org.testng.reporters.JUnitReportReporter -->
<testsuite hostname="lenovo" name="com.ga.helpers.math.MultiplicationTests" tests="6" failures="0" timestamp="15 Apr 2016 04:37:31 GMT" time="0.105" errors="0">
  <testcase name="testMultiplication" time="0.013" classname="com.ga.helpers.math.MultiplicationTests"/>
  <testcase name="testMultiplication" time="0.056" classname="com.ga.helpers.math.MultiplicationTests"/>
  <testcase name="testMultiplication" time="0.007" classname="com.ga.helpers.math.MultiplicationTests"/>
  <testcase name="testMultiplication" time="0.006" classname="com.ga.helpers.math.MultiplicationTests"/>
  <testcase name="testMultiplication" time="0.007" classname="com.ga.helpers.math.MultiplicationTests"/>
  <testcase name="testMultiplication" time="0.016" classname="com.ga.helpers.math.MultiplicationTests"/>
</testsuite> <!-- com.ga.helpers.math.MultiplicationTests -->
